# JRE version: OpenJDK Runtime Environment (11.0.18+10) (build 11.0.18+10-post-Debian-1deb11u1)
# Java VM: OpenJDK 64-Bit Server VM (11.0.18+10-post-Debian-1deb11u1, mixed mode, sharing, tiered, compressed oops, parallel gc, linux-amd64)
Heap:
 PSYoungGen      total 15872K, used 2554K [0x00000000eab00000, 0x00000000ebe80000, 0x0000000100000000)
  eden space 13824K, 4% used [0x00000000eab00000,0x00000000eab8c698,0x00000000eb880000)
  from space 2048K, 97% used [0x00000000eb980000,0x00000000ebb72208,0x00000000ebb80000)
  to   space 3072K, 0% used [0x00000000ebb80000,0x00000000ebb80000,0x00000000ebe80000)
 ParOldGen       total 68608K, used 64735K [0x00000000c0000000, 0x00000000c4300000, 0x00000000eab00000)
  object space 68608K, 94% used [0x00000000c0000000,0x00000000c3f37c90,0x00000000c4300000)
 Metaspace       used 43841K, capacity 46265K, committed 46640K, reserved 1091584K
  class space    used 4568K, capacity 5430K, committed 5504K, reserved 1048576K
GC Heap History (20 events):
Event: 20.686 GC heap before
{Heap before GC invocations=20 (full 2):
 PSYoungGen      total 23552K, used 23240K [0x00000000eab00000, 0x00000000ec500000, 0x0000000100000000)
  eden space 20480K, 100% used [0x00000000eab00000,0x00000000ebf00000,0x00000000ebf00000)
  from space 3072K, 89% used [0x00000000ec000000,0x00000000ec2b2298,0x00000000ec300000)
  to   space 2048K, 0% used [0x00000000ec300000,0x00000000ec300000,0x00000000ec500000)
 ParOldGen       total 68608K, used 36457K [0x00000000c0000000, 0x00000000c4300000, 0x00000000eab00000)
  object space 68608K, 53% used [0x00000000c0000000,0x00000000c239a4a0,0x00000000c4300000)
 Metaspace       used 41079K, capacity 43586K, committed 43952K, reserved 1087488K
  class space    used 4391K, capacity 5266K, committed 5376K, reserved 1048576K
}
Event: 20.695 GC heap after
{Heap after GC invocations=20 (full 2):
 PSYoungGen      total 20480K, used 2037K [0x00000000eab00000, 0x00000000ecb00000, 0x0000000100000000)
  eden space 18432K, 0% used [0x00000000eab00000,0x00000000eab00000,0x00000000ebd00000)
  from space 2048K, 99% used [0x00000000ec300000,0x00000000ec4fd7e0,0x00000000ec500000)
  to   space 6144K, 0% used [0x00000000ebd00000,0x00000000ebd00000,0x00000000ec300000)
 ParOldGen       total 68608K, used 39759K [0x00000000c0000000, 0x00000000c4300000, 0x00000000eab00000)
  object space 68608K, 57% used [0x00000000c0000000,0x00000000c26d3d90,0x00000000c4300000)
 Metaspace       used 41079K, capacity 43586K, committed 43952K, reserved 1087488K
  class space    used 4391K, capacity 5266K, committed 5376K, reserved 1048576K
}
Event: 20.883 GC heap before
{Heap before GC invocations=21 (full 2):
 PSYoungGen      total 20480K, used 20469K [0x00000000eab00000, 0x00000000ecb00000, 0x0000000100000000)
  eden space 18432K, 100% used [0x00000000eab00000,0x00000000ebd00000,0x00000000ebd00000)
  from space 2048K, 99% used [0x00000000ec300000,0x00000000ec4fd7e0,0x00000000ec500000)
  to   space 6144K, 0% used [0x00000000ebd00000,0x00000000ebd00000,0x00000000ec300000)
 ParOldGen       total 68608K, used 39759K [0x00000000c0000000, 0x00000000c4300000, 0x00000000eab00000)
  object space 68608K, 57% used [0x00000000c0000000,0x00000000c26d3d90,0x00000000c4300000)
 Metaspace       used 41079K, capacity 43586K, committed 43952K, reserved 1087488K
  class space    used 4391K, capacity 5266K, committed 5376K, reserved 1048576K
}
Event: 20.894 GC heap after
{Heap after GC invocations=21 (full 2):
 PSYoungGen      total 20992K, used 2399K [0x00000000eab00000, 0x00000000ec400000, 0x0000000100000000)
  eden space 18432K, 0% used [0x00000000eab00000,0x00000000eab00000,0x00000000ebd00000)
  from space 2560K, 93% used [0x00000000ebd00000,0x00000000ebf57dd8,0x00000000ebf80000)
  to   space 3584K, 0% used [0x00000000ec080000,0x00000000ec080000,0x00000000ec400000)
 ParOldGen       total 68608K, used 41737K [0x00000000c0000000, 0x00000000c4300000, 0x00000000eab00000)
  object space 68608K, 60% used [0x00000000c0000000,0x00000000c28c26e8,0x00000000c4300000)
 Metaspace       used 41079K, capacity 43586K, committed 43952K, reserved 1087488K
  class space    used 4391K, capacity 5266K, committed 5376K, reserved 1048576K
}
Event: 21.170 GC heap before
{Heap before GC invocations=22 (full 2):
 PSYoungGen      total 20992K, used 20831K [0x00000000eab00000, 0x00000000ec400000, 0x0000000100000000)
  eden space 18432K, 100% used [0x00000000eab00000,0x00000000ebd00000,0x00000000ebd00000)
  from space 2560K, 93% used [0x00000000ebd00000,0x00000000ebf57dd8,0x00000000ebf80000)
  to   space 3584K, 0% used [0x00000000ec080000,0x00000000ec080000,0x00000000ec400000)
 ParOldGen       total 68608K, used 41737K [0x00000000c0000000, 0x00000000c4300000, 0x00000000eab00000)
  object space 68608K, 60% used [0x00000000c0000000,0x00000000c28c26e8,0x00000000c4300000)
 Metaspace       used 41181K, capacity 43659K, committed 43952K, reserved 1087488K
  class space    used 4398K, capacity 5269K, committed 5376K, reserved 1048576K
}
Event: 21.186 GC heap after
{Heap after GC invocations=22 (full 2):
 PSYoungGen      total 17408K, used 3580K [0x00000000eab00000, 0x00000000ecd00000, 0x0000000100000000)
  eden space 13824K, 0% used [0x00000000eab00000,0x00000000eab00000,0x00000000eb880000)
  from space 3584K, 99% used [0x00000000ec080000,0x00000000ec3ff090,0x00000000ec400000)
  to   space 8192K, 0% used [0x00000000eb880000,0x00000000eb880000,0x00000000ec080000)
 ParOldGen       total 68608K, used 45178K [0x00000000c0000000, 0x00000000c4300000, 0x00000000eab00000)
  object space 68608K, 65% used [0x00000000c0000000,0x00000000c2c1ebe0,0x00000000c4300000)
 Metaspace       used 41181K, capacity 43659K, committed 43952K, reserved 1087488K
  class space    used 4398K, capacity 5269K, committed 5376K, reserved 1048576K
}
Event: 21.364 GC heap before
{Heap before GC invocations=23 (full 2):
 PSYoungGen      total 17408K, used 17404K [0x00000000eab00000, 0x00000000ecd00000, 0x0000000100000000)
  eden space 13824K, 100% used [0x00000000eab00000,0x00000000eb880000,0x00000000eb880000)
  from space 3584K, 99% used [0x00000000ec080000,0x00000000ec3ff090,0x00000000ec400000)
  to   space 8192K, 0% used [0x00000000eb880000,0x00000000eb880000,0x00000000ec080000)
 ParOldGen       total 68608K, used 45178K [0x00000000c0000000, 0x00000000c4300000, 0x00000000eab00000)
  object space 68608K, 65% used [0x00000000c0000000,0x00000000c2c1ebe0,0x00000000c4300000)
 Metaspace       used 41311K, capacity 43791K, committed 44208K, reserved 1087488K
  class space    used 4406K, capacity 5270K, committed 5376K, reserved 1048576K
}
Event: 21.374 GC heap after
{Heap after GC invocations=23 (full 2):
 PSYoungGen      total 16896K, used 2984K [0x00000000eab00000, 0x00000000ec180000, 0x0000000100000000)
  eden space 13824K, 0% used [0x00000000eab00000,0x00000000eab00000,0x00000000eb880000)
  from space 3072K, 97% used [0x00000000eb880000,0x00000000ebb6a1d0,0x00000000ebb80000)
  to   space 4608K, 0% used [0x00000000ebd00000,0x00000000ebd00000,0x00000000ec180000)
 ParOldGen       total 68608K, used 48760K [0x00000000c0000000, 0x00000000c4300000, 0x00000000eab00000)
  object space 68608K, 71% used [0x00000000c0000000,0x00000000c2f9e2d0,0x00000000c4300000)
 Metaspace       used 41311K, capacity 43791K, committed 44208K, reserved 1087488K
  class space    used 4406K, capacity 5270K, committed 5376K, reserved 1048576K
}
Event: 21.487 GC heap before
{Heap before GC invocations=24 (full 2):
 PSYoungGen      total 16896K, used 16808K [0x00000000eab00000, 0x00000000ec180000, 0x0000000100000000)
  eden space 13824K, 100% used [0x00000000eab00000,0x00000000eb880000,0x00000000eb880000)
  from space 3072K, 97% used [0x00000000eb880000,0x00000000ebb6a1d0,0x00000000ebb80000)
  to   space 4608K, 0% used [0x00000000ebd00000,0x00000000ebd00000,0x00000000ec180000)
 ParOldGen       total 68608K, used 48760K [0x00000000c0000000, 0x00000000c4300000, 0x00000000eab00000)
  object space 68608K, 71% used [0x00000000c0000000,0x00000000c2f9e2d0,0x00000000c4300000)
 Metaspace       used 41334K, capacity 43855K, committed 44208K, reserved 1087488K
  class space    used 4406K, capacity 5270K, committed 5376K, reserved 1048576K
}
Event: 21.502 GC heap after
{Heap after GC invocations=24 (full 2):
 PSYoungGen      total 16896K, used 2647K [0x00000000eab00000, 0x00000000ec000000, 0x0000000100000000)
  eden space 13824K, 0% used [0x00000000eab00000,0x00000000eab00000,0x00000000eb880000)
  from space 3072K, 86% used [0x00000000ebd00000,0x00000000ebf95d60,0x00000000ec000000)
  to   space 3072K, 0% used [0x00000000eb880000,0x00000000eb880000,0x00000000ebb80000)
 ParOldGen       total 68608K, used 51614K [0x00000000c0000000, 0x00000000c4300000, 0x00000000eab00000)
  object space 68608K, 75% used [0x00000000c0000000,0x00000000c3267858,0x00000000c4300000)
 Metaspace       used 41334K, capacity 43855K, committed 44208K, reserved 1087488K
  class space    used 4406K, capacity 5270K, committed 5376K, reserved 1048576K
}
Event: 21.684 GC heap before
{Heap before GC invocations=25 (full 2):
 PSYoungGen      total 16896K, used 16471K [0x00000000eab00000, 0x00000000ec000000, 0x0000000100000000)
  eden space 13824K, 100% used [0x00000000eab00000,0x00000000eb880000,0x00000000eb880000)
  from space 3072K, 86% used [0x00000000ebd00000,0x00000000ebf95d60,0x00000000ec000000)
  to   space 3072K, 0% used [0x00000000eb880000,0x00000000eb880000,0x00000000ebb80000)
 ParOldGen       total 68608K, used 51614K [0x00000000c0000000, 0x00000000c4300000, 0x00000000eab00000)
  object space 68608K, 75% used [0x00000000c0000000,0x00000000c3267858,0x00000000c4300000)
 Metaspace       used 41351K, capacity 43855K, committed 44208K, reserved 1087488K
  class space    used 4406K, capacity 5270K, committed 5376K, reserved 1048576K
}
Event: 21.696 GC heap after
{Heap after GC invocations=25 (full 2):
 PSYoungGen      total 15872K, used 2041K [0x00000000eab00000, 0x00000000ebd80000, 0x0000000100000000)
  eden space 13824K, 0% used [0x00000000eab00000,0x00000000eab00000,0x00000000eb880000)
  from space 2048K, 99% used [0x00000000eb880000,0x00000000eba7e628,0x00000000eba80000)
  to   space 2560K, 0% used [0x00000000ebb00000,0x00000000ebb00000,0x00000000ebd80000)
 ParOldGen       total 68608K, used 54223K [0x00000000c0000000, 0x00000000c4300000, 0x00000000eab00000)
  object space 68608K, 79% used [0x00000000c0000000,0x00000000c34f3cd0,0x00000000c4300000)
 Metaspace       used 41351K, capacity 43855K, committed 44208K, reserved 1087488K
  class space    used 4406K, capacity 5270K, committed 5376K, reserved 1048576K
}
Event: 21.913 GC heap before
{Heap before GC invocations=26 (full 2):
 PSYoungGen      total 15872K, used 15865K [0x00000000eab00000, 0x00000000ebd80000, 0x0000000100000000)
  eden space 13824K, 100% used [0x00000000eab00000,0x00000000eb880000,0x00000000eb880000)
  from space 2048K, 99% used [0x00000000eb880000,0x00000000eba7e628,0x00000000eba80000)
  to   space 2560K, 0% used [0x00000000ebb00000,0x00000000ebb00000,0x00000000ebd80000)
 ParOldGen       total 68608K, used 54223K [0x00000000c0000000, 0x00000000c4300000, 0x00000000eab00000)
  object space 68608K, 79% used [0x00000000c0000000,0x00000000c34f3cd0,0x00000000c4300000)
 Metaspace       used 41356K, capacity 43855K, committed 44208K, reserved 1087488K
  class space    used 4406K, capacity 5270K, committed 5376K, reserved 1048576K
}
Event: 21.971 GC heap after
{Heap after GC invocations=26 (full 2):
 PSYoungGen      total 16384K, used 2347K [0x00000000eab00000, 0x00000000ebd80000, 0x0000000100000000)
  eden space 13824K, 0% used [0x00000000eab00000,0x00000000eab00000,0x00000000eb880000)
  from space 2560K, 91% used [0x00000000ebb00000,0x00000000ebd4ad20,0x00000000ebd80000)
  to   space 2560K, 0% used [0x00000000eb880000,0x00000000eb880000,0x00000000ebb00000)
 ParOldGen       total 68608K, used 56255K [0x00000000c0000000, 0x00000000c4300000, 0x00000000eab00000)
  object space 68608K, 81% used [0x00000000c0000000,0x00000000c36eff78,0x00000000c4300000)
 Metaspace       used 41356K, capacity 43855K, committed 44208K, reserved 1087488K
  class space    used 4406K, capacity 5270K, committed 5376K, reserved 1048576K
}
Event: 22.305 GC heap before
{Heap before GC invocations=27 (full 2):
 PSYoungGen      total 16384K, used 16171K [0x00000000eab00000, 0x00000000ebd80000, 0x0000000100000000)
  eden space 13824K, 100% used [0x00000000eab00000,0x00000000eb880000,0x00000000eb880000)
  from space 2560K, 91% used [0x00000000ebb00000,0x00000000ebd4ad20,0x00000000ebd80000)
  to   space 2560K, 0% used [0x00000000eb880000,0x00000000eb880000,0x00000000ebb00000)
 ParOldGen       total 68608K, used 56255K [0x00000000c0000000, 0x00000000c4300000, 0x00000000eab00000)
  object space 68608K, 81% used [0x00000000c0000000,0x00000000c36eff78,0x00000000c4300000)
 Metaspace       used 41998K, capacity 44470K, committed 44720K, reserved 1089536K
  class space    used 4464K, capacity 5324K, committed 5376K, reserved 1048576K
}
Event: 22.370 GC heap after
{Heap after GC invocations=27 (full 2):
 PSYoungGen      total 16384K, used 2553K [0x00000000eab00000, 0x00000000ec380000, 0x0000000100000000)
  eden space 13824K, 0% used [0x00000000eab00000,0x00000000eab00000,0x00000000eb880000)
  from space 2560K, 99% used [0x00000000eb880000,0x00000000ebafe778,0x00000000ebb00000)
  to   space 5632K, 0% used [0x00000000ebe00000,0x00000000ebe00000,0x00000000ec380000)
 ParOldGen       total 68608K, used 58788K [0x00000000c0000000, 0x00000000c4300000, 0x00000000eab00000)
  object space 68608K, 85% used [0x00000000c0000000,0x00000000c39693d0,0x00000000c4300000)
 Metaspace       used 41998K, capacity 44470K, committed 44720K, reserved 1089536K
  class space    used 4464K, capacity 5324K, committed 5376K, reserved 1048576K
}
Event: 22.658 GC heap before
{Heap before GC invocations=28 (full 2):
 PSYoungGen      total 16384K, used 16377K [0x00000000eab00000, 0x00000000ec380000, 0x0000000100000000)
  eden space 13824K, 100% used [0x00000000eab00000,0x00000000eb880000,0x00000000eb880000)
  from space 2560K, 99% used [0x00000000eb880000,0x00000000ebafe778,0x00000000ebb00000)
  to   space 5632K, 0% used [0x00000000ebe00000,0x00000000ebe00000,0x00000000ec380000)
 ParOldGen       total 68608K, used 58788K [0x00000000c0000000, 0x00000000c4300000, 0x00000000eab00000)
  object space 68608K, 85% used [0x00000000c0000000,0x00000000c39693d0,0x00000000c4300000)
 Metaspace       used 42802K, capacity 45241K, committed 45488K, reserved 1089536K
  class space    used 4515K, capacity 5366K, committed 5376K, reserved 1048576K
}
Event: 22.669 GC heap after
{Heap after GC invocations=28 (full 2):
 PSYoungGen      total 17408K, used 3477K [0x00000000eab00000, 0x00000000ec180000, 0x0000000100000000)
  eden space 13824K, 0% used [0x00000000eab00000,0x00000000eab00000,0x00000000eb880000)
  from space 3584K, 97% used [0x00000000ebe00000,0x00000000ec165410,0x00000000ec180000)
  to   space 4096K, 0% used [0x00000000eb980000,0x00000000eb980000,0x00000000ebd80000)
 ParOldGen       total 68608K, used 61314K [0x00000000c0000000, 0x00000000c4300000, 0x00000000eab00000)
  object space 68608K, 89% used [0x00000000c0000000,0x00000000c3be0880,0x00000000c4300000)
 Metaspace       used 42802K, capacity 45241K, committed 45488K, reserved 1089536K
  class space    used 4515K, capacity 5366K, committed 5376K, reserved 1048576K
}
Event: 22.904 GC heap before
{Heap before GC invocations=29 (full 2):
 PSYoungGen      total 17408K, used 17301K [0x00000000eab00000, 0x00000000ec180000, 0x0000000100000000)
  eden space 13824K, 99% used [0x00000000eab00000,0x00000000eb87fff8,0x00000000eb880000)
  from space 3584K, 97% used [0x00000000ebe00000,0x00000000ec165410,0x00000000ec180000)
  to   space 4096K, 0% used [0x00000000eb980000,0x00000000eb980000,0x00000000ebd80000)
 ParOldGen       total 68608K, used 61314K [0x00000000c0000000, 0x00000000c4300000, 0x00000000eab00000)
  object space 68608K, 89% used [0x00000000c0000000,0x00000000c3be0880,0x00000000c4300000)
 Metaspace       used 43829K, capacity 46265K, committed 46640K, reserved 1091584K
  class space    used 4568K, capacity 5430K, committed 5504K, reserved 1048576K
}
Event: 22.914 GC heap after
{Heap after GC invocations=29 (full 2):
 PSYoungGen      total 15872K, used 1992K [0x00000000eab00000, 0x00000000ebe80000, 0x0000000100000000)
  eden space 13824K, 0% used [0x00000000eab00000,0x00000000eab00000,0x00000000eb880000)
  from space 2048K, 97% used [0x00000000eb980000,0x00000000ebb72208,0x00000000ebb80000)
  to   space 3072K, 0% used [0x00000000ebb80000,0x00000000ebb80000,0x00000000ebe80000)
 ParOldGen       total 68608K, used 64735K [0x00000000c0000000, 0x00000000c4300000, 0x00000000eab00000)
  object space 68608K, 94% used [0x00000000c0000000,0x00000000c3f37c90,0x00000000c4300000)
 Metaspace       used 43829K, capacity 46265K, committed 46640K, reserved 1091584K
  class space    used 4568K, capacity 5430K, committed 5504K, reserved 1048576K
}

